<?xml version="1.0" encoding="UTF-8"?>
<testsuite xmlns:xsi="http://www.w3.org/2001/XMLSchema-instance" xsi:noNamespaceSchemaLocation="https://maven.apache.org/surefire/maven-surefire-plugin/xsd/surefire-test-report.xsd" name="com.thrid.party.codec.demo.ProtocolServiceImplTest" time="0.172" tests="4" errors="0" skipped="0" failures="0">
  <properties>
[...]
</properties>
  <testcase name="testDecodeDeviceReportData" classname="com.thrid.party.codec.demo.ProtocolServiceImplTest" time="0.141"/>
  <testcase name="testDecodeDeviceResponseIoT" classname="com.thrid.party.codec.demo.ProtocolServiceImplTest" time="0"/>
  <testcase name="testEncodeIoTSendCommand" classname="com.thrid.party.codec.demo.ProtocolServiceImplTest" time="0"/>
  <testcase name="testEncodeIoTResponseDevice" classname="com.thrid.party.codec.demo.ProtocolServiceImplTest" time="0"/>
</testsuite>